<?xml version="1.0" encoding="UTF-8"?>
<coverage generated="1659624866052" clover="3.2.0">
  <project timestamp="1659624866052" name="All files">
    <metrics statements="73" coveredstatements="60" conditionals="13" coveredconditionals="6" methods="22" coveredmethods="17" elements="108" coveredelements="83" complexity="0" loc="73" ncloc="73" packages="9" files="16" classes="16"/>
    <package name="assets">
      <metrics statements="1" coveredstatements="1" conditionals="0" coveredconditionals="0" methods="0" coveredmethods="0"/>
      <file name="baby-yoda.png" path="/Users/lumis/Documents/doc/FindMovies/assets/baby-yoda.png">
        <metrics statements="1" coveredstatements="1" conditionals="0" coveredconditionals="0" methods="0" coveredmethods="0"/>
        <line num="1" count="1" type="stmt"/>
      </file>
    </package>
    <package name="src.__test__">
      <metrics statements="4" coveredstatements="4" conditionals="0" coveredconditionals="0" methods="2" coveredmethods="2"/>
      <file name="test-utils.js" path="/Users/lumis/Documents/doc/FindMovies/src/__test__/test-utils.js">
        <metrics statements="4" coveredstatements="4" conditionals="0" coveredconditionals="0" methods="2" coveredmethods="2"/>
        <line num="6" count="1" type="stmt"/>
        <line num="7" count="2" type="stmt"/>
        <line num="10" count="1" type="stmt"/>
        <line num="11" count="2" type="stmt"/>
      </file>
    </package>
    <package name="src.components.CardMovie">
      <metrics statements="8" coveredstatements="8" conditionals="2" coveredconditionals="1" methods="2" coveredmethods="2"/>
      <file name="index.tsx" path="/Users/lumis/Documents/doc/FindMovies/src/components/CardMovie/index.tsx">
        <metrics statements="4" coveredstatements="4" conditionals="2" coveredconditionals="1" methods="2" coveredmethods="2"/>
        <line num="24" count="53" type="stmt"/>
        <line num="25" count="53" type="stmt"/>
        <line num="28" count="53" type="stmt"/>
        <line num="32" count="53" type="stmt"/>
      </file>
      <file name="styles.ts" path="/Users/lumis/Documents/doc/FindMovies/src/components/CardMovie/styles.ts">
        <metrics statements="4" coveredstatements="4" conditionals="0" coveredconditionals="0" methods="0" coveredmethods="0"/>
        <line num="7" count="1" type="stmt"/>
        <line num="11" count="1" type="stmt"/>
        <line num="16" count="1" type="stmt"/>
        <line num="24" count="1" type="stmt"/>
      </file>
    </package>
    <package name="src.components.GenreButton">
      <metrics statements="4" coveredstatements="4" conditionals="3" coveredconditionals="2" methods="2" coveredmethods="2"/>
      <file name="index.tsx" path="/Users/lumis/Documents/doc/FindMovies/src/components/GenreButton/index.tsx">
        <metrics statements="1" coveredstatements="1" conditionals="1" coveredconditionals="0" methods="1" coveredmethods="1"/>
        <line num="23" count="70" type="stmt"/>
      </file>
      <file name="styles.ts" path="/Users/lumis/Documents/doc/FindMovies/src/components/GenreButton/styles.ts">
        <metrics statements="3" coveredstatements="3" conditionals="2" coveredconditionals="2" methods="1" coveredmethods="1"/>
        <line num="11" count="1" type="stmt"/>
        <line num="14" count="70" type="cond" truecount="2" falsecount="0"/>
        <line num="20" count="1" type="stmt"/>
      </file>
    </package>
    <package name="src.components.Header">
      <metrics statements="7" coveredstatements="7" conditionals="0" coveredconditionals="0" methods="1" coveredmethods="1"/>
      <file name="index.tsx" path="/Users/lumis/Documents/doc/FindMovies/src/components/Header/index.tsx">
        <metrics statements="2" coveredstatements="2" conditionals="0" coveredconditionals="0" methods="1" coveredmethods="1"/>
        <line num="18" count="1" type="stmt"/>
        <line num="19" count="9" type="stmt"/>
      </file>
      <file name="styles.ts" path="/Users/lumis/Documents/doc/FindMovies/src/components/Header/styles.ts">
        <metrics statements="5" coveredstatements="5" conditionals="0" coveredconditionals="0" methods="0" coveredmethods="0"/>
        <line num="4" count="1" type="stmt"/>
        <line num="11" count="1" type="stmt"/>
        <line num="17" count="1" type="stmt"/>
        <line num="22" count="1" type="stmt"/>
        <line num="27" count="1" type="stmt"/>
      </file>
    </package>
    <package name="src.pages.Home">
      <metrics statements="40" coveredstatements="31" conditionals="6" coveredconditionals="3" methods="14" coveredmethods="10"/>
      <file name="index.tsx" path="/Users/lumis/Documents/doc/FindMovies/src/pages/Home/index.tsx">
        <metrics statements="34" coveredstatements="25" conditionals="6" coveredconditionals="3" methods="14" coveredmethods="10"/>
        <line num="42" count="1" type="stmt"/>
        <line num="43" count="9" type="stmt"/>
        <line num="45" count="9" type="stmt"/>
        <line num="46" count="9" type="stmt"/>
        <line num="47" count="9" type="stmt"/>
        <line num="48" count="9" type="stmt"/>
        <line num="52" count="2" type="stmt"/>
        <line num="55" count="2" type="stmt"/>
        <line num="59" count="2" type="stmt"/>
        <line num="62" count="2" type="stmt"/>
        <line num="63" count="2" type="stmt"/>
        <line num="67" count="9" type="stmt"/>
        <line num="68" count="2" type="stmt"/>
        <line num="69" count="2" type="stmt"/>
        <line num="73" count="1" type="cond" truecount="1" falsecount="1"/>
        <line num="74" count="0" type="stmt"/>
        <line num="75" count="0" type="stmt"/>
        <line num="77" count="1" type="stmt"/>
        <line num="78" count="20" type="stmt"/>
        <line num="80" count="1" type="stmt"/>
        <line num="81" count="1" type="stmt"/>
        <line num="86" count="0" type="stmt"/>
        <line num="90" count="9" type="stmt"/>
        <line num="95" count="0" type="stmt"/>
        <line num="96" count="0" type="stmt"/>
        <line num="97" count="0" type="cond" truecount="0" falsecount="2"/>
        <line num="98" count="0" type="stmt"/>
        <line num="102" count="0" type="stmt"/>
        <line num="105" count="9" type="stmt"/>
        <line num="126" count="91" type="stmt"/>
        <line num="128" count="70" type="stmt"/>
        <line num="131" count="1" type="stmt"/>
        <line num="170" count="95" type="stmt"/>
        <line num="173" count="0" type="stmt"/>
      </file>
      <file name="styles.ts" path="/Users/lumis/Documents/doc/FindMovies/src/pages/Home/styles.ts">
        <metrics statements="6" coveredstatements="6" conditionals="0" coveredconditionals="0" methods="0" coveredmethods="0"/>
        <line num="5" count="1" type="stmt"/>
        <line num="9" count="1" type="stmt"/>
        <line num="13" count="1" type="stmt"/>
        <line num="20" count="1" type="stmt"/>
        <line num="25" count="1" type="stmt"/>
        <line num="29" count="1" type="stmt"/>
      </file>
    </package>
    <package name="src.services">
      <metrics statements="1" coveredstatements="1" conditionals="0" coveredconditionals="0" methods="0" coveredmethods="0"/>
      <file name="api.ts" path="/Users/lumis/Documents/doc/FindMovies/src/services/api.ts">
        <metrics statements="1" coveredstatements="1" conditionals="0" coveredconditionals="0" methods="0" coveredmethods="0"/>
        <line num="3" count="1" type="stmt"/>
      </file>
    </package>
    <package name="src.store">
      <metrics statements="8" coveredstatements="4" conditionals="2" coveredconditionals="0" methods="1" coveredmethods="0"/>
      <file name="MoviesWatchLater.store.ts" path="/Users/lumis/Documents/doc/FindMovies/src/store/MoviesWatchLater.store.ts">
        <metrics statements="7" coveredstatements="3" conditionals="2" coveredconditionals="0" methods="1" coveredmethods="0"/>
        <line num="8" count="1" type="stmt"/>
        <line num="12" count="1" type="stmt"/>
        <line num="19" count="0" type="cond" truecount="0" falsecount="2"/>
        <line num="20" count="0" type="stmt"/>
        <line num="21" count="0" type="stmt"/>
        <line num="23" count="0" type="stmt"/>
        <line num="28" count="1" type="stmt"/>
      </file>
      <file name="index.ts" path="/Users/lumis/Documents/doc/FindMovies/src/store/index.ts">
        <metrics statements="1" coveredstatements="1" conditionals="0" coveredconditionals="0" methods="0" coveredmethods="0"/>
        <line num="6" count="1" type="stmt"/>
      </file>
    </package>
    <package name="src.styles">
      <metrics statements="0" coveredstatements="0" conditionals="0" coveredconditionals="0" methods="0" coveredmethods="0"/>
      <file name="colors.ts" path="/Users/lumis/Documents/doc/FindMovies/src/styles/colors.ts">
        <metrics statements="0" coveredstatements="0" conditionals="0" coveredconditionals="0" methods="0" coveredmethods="0"/>
      </file>
      <file name="fonts.ts" path="/Users/lumis/Documents/doc/FindMovies/src/styles/fonts.ts">
        <metrics statements="0" coveredstatements="0" conditionals="0" coveredconditionals="0" methods="0" coveredmethods="0"/>
      </file>
      <file name="index.ts" path="/Users/lumis/Documents/doc/FindMovies/src/styles/index.ts">
        <metrics statements="0" coveredstatements="0" conditionals="0" coveredconditionals="0" methods="0" coveredmethods="0"/>
      </file>
    </package>
  </project>
</coverage>
