{"/Users/lumis/Documents/doc/FindMovies/assets/baby-yoda.png": {"path":"/Users/lumis/Documents/doc/FindMovies/assets/baby-yoda.png","statementMap":{"0":{"start":{"line":1,"column":0},"end":{"line":1,"column":19}}},"fnMap":{},"branchMap":{},"s":{"0":1},"f":{},"b":{},"inputSourceMap":null,"_coverageSchema":"1a1c01bbd47fc00a2c39e90264f33305004495a9","hash":"84f0b2463f02c57e2bc229112de5bacd09763fd1"}
,"/Users/lumis/Documents/doc/FindMovies/src/__test__/test-utils.js": {"path":"/Users/lumis/Documents/doc/FindMovies/src/__test__/test-utils.js","statementMap":{"0":{"start":{"line":6,"column":24},"end":{"line":8,"column":1}},"1":{"start":{"line":7,"column":2},"end":{"line":7,"column":55}},"2":{"start":{"line":10,"column":21},"end":{"line":11,"column":54}},"3":{"start":{"line":11,"column":2},"end":{"line":11,"column":54}}},"fnMap":{"0":{"name":"(anonymous_0)","decl":{"start":{"line":6,"column":24},"end":{"line":6,"column":25}},"loc":{"start":{"line":6,"column":42},"end":{"line":8,"column":1}},"line":6},"1":{"name":"(anonymous_1)","decl":{"start":{"line":10,"column":21},"end":{"line":10,"column":22}},"loc":{"start":{"line":11,"column":2},"end":{"line":11,"column":54}},"line":11}},"branchMap":{},"s":{"0":1,"1":2,"2":1,"3":2},"f":{"0":2,"1":2},"b":{},"_coverageSchema":"1a1c01bbd47fc00a2c39e90264f33305004495a9","hash":"76dcb7cdaae24db936e8cb32f28c3bb570fc47b5"}
,"/Users/lumis/Documents/doc/FindMovies/src/components/CardMovie/index.tsx": {"path":"/Users/lumis/Documents/doc/FindMovies/src/components/CardMovie/index.tsx","statementMap":{"0":{"start":{"line":24,"column":31},"end":{"line":26,"column":3}},"1":{"start":{"line":25,"column":26},"end":{"line":25,"column":48}},"2":{"start":{"line":28,"column":16},"end":{"line":30,"column":3}},"3":{"start":{"line":32,"column":2},"end":{"line":44,"column":4}}},"fnMap":{"0":{"name":"CardMovie","decl":{"start":{"line":23,"column":9},"end":{"line":23,"column":18}},"loc":{"start":{"line":23,"column":54},"end":{"line":45,"column":1}},"line":23},"1":{"name":"(anonymous_1)","decl":{"start":{"line":25,"column":4},"end":{"line":25,"column":5}},"loc":{"start":{"line":25,"column":26},"end":{"line":25,"column":48}},"line":25}},"branchMap":{"0":{"loc":{"start":{"line":40,"column":7},"end":{"line":42,"column":7}},"type":"binary-expr","locations":[{"start":{"line":40,"column":7},"end":{"line":40,"column":41}},{"start":{"line":41,"column":8},"end":{"line":41,"column":52}}],"line":40}},"s":{"0":53,"1":53,"2":53,"3":53},"f":{"0":53,"1":53},"b":{"0":[53,0]},"_coverageSchema":"1a1c01bbd47fc00a2c39e90264f33305004495a9","hash":"b941c896f976cb0869dea38c84c4fe309fd14940"}
,"/Users/lumis/Documents/doc/FindMovies/src/components/CardMovie/styles.ts": {"path":"/Users/lumis/Documents/doc/FindMovies/src/components/CardMovie/styles.ts","statementMap":{"0":{"start":{"line":7,"column":25},"end":{"line":10,"column":1}},"1":{"start":{"line":11,"column":25},"end":{"line":15,"column":1}},"2":{"start":{"line":16,"column":21},"end":{"line":23,"column":1}},"3":{"start":{"line":24,"column":30},"end":{"line":30,"column":1}}},"fnMap":{},"branchMap":{},"s":{"0":1,"1":1,"2":1,"3":1},"f":{},"b":{},"_coverageSchema":"1a1c01bbd47fc00a2c39e90264f33305004495a9","hash":"9997eff6d4b8ae9851b615a176b0107cfd21b5cc"}
,"/Users/lumis/Documents/doc/FindMovies/src/components/GenreButton/index.tsx": {"path":"/Users/lumis/Documents/doc/FindMovies/src/components/GenreButton/index.tsx","statementMap":{"0":{"start":{"line":23,"column":4},"end":{"line":34,"column":5}}},"fnMap":{"0":{"name":"GenreButton","decl":{"start":{"line":18,"column":9},"end":{"line":18,"column":20}},"loc":{"start":{"line":22,"column":21},"end":{"line":35,"column":1}},"line":22}},"branchMap":{"0":{"loc":{"start":{"line":20,"column":4},"end":{"line":20,"column":18}},"type":"default-arg","locations":[{"start":{"line":20,"column":13},"end":{"line":20,"column":18}}],"line":20}},"s":{"0":70},"f":{"0":70},"b":{"0":[0]},"_coverageSchema":"1a1c01bbd47fc00a2c39e90264f33305004495a9","hash":"4189255ec1826f3b14f240acbf33a1379b89195d"}
,"/Users/lumis/Documents/doc/FindMovies/src/components/GenreButton/styles.ts": {"path":"/Users/lumis/Documents/doc/FindMovies/src/components/GenreButton/styles.ts","statementMap":{"0":{"start":{"line":11,"column":25},"end":{"line":19,"column":1}},"1":{"start":{"line":14,"column":38},"end":{"line":14,"column":67}},"2":{"start":{"line":20,"column":20},"end":{"line":24,"column":1}}},"fnMap":{"0":{"name":"(anonymous_0)","decl":{"start":{"line":14,"column":24},"end":{"line":14,"column":25}},"loc":{"start":{"line":14,"column":38},"end":{"line":14,"column":67}},"line":14}},"branchMap":{"0":{"loc":{"start":{"line":14,"column":38},"end":{"line":14,"column":67}},"type":"cond-expr","locations":[{"start":{"line":14,"column":47},"end":{"line":14,"column":53}},{"start":{"line":14,"column":56},"end":{"line":14,"column":67}}],"line":14}},"s":{"0":1,"1":70,"2":1},"f":{"0":70},"b":{"0":[1,69]},"_coverageSchema":"1a1c01bbd47fc00a2c39e90264f33305004495a9","hash":"e755bb3cdb39e0b44ce53791873a44cccc2962a1"}
,"/Users/lumis/Documents/doc/FindMovies/src/components/Header/index.tsx": {"path":"/Users/lumis/Documents/doc/FindMovies/src/components/Header/index.tsx","statementMap":{"0":{"start":{"line":18,"column":25},"end":{"line":37,"column":1}},"1":{"start":{"line":19,"column":4},"end":{"line":36,"column":5}}},"fnMap":{"0":{"name":"(anonymous_0)","decl":{"start":{"line":18,"column":25},"end":{"line":18,"column":26}},"loc":{"start":{"line":18,"column":31},"end":{"line":37,"column":1}},"line":18}},"branchMap":{},"s":{"0":1,"1":9},"f":{"0":9},"b":{},"_coverageSchema":"1a1c01bbd47fc00a2c39e90264f33305004495a9","hash":"afd97c62dae52af9c339d5fd6f44cc334116c88c"}
,"/Users/lumis/Documents/doc/FindMovies/src/components/Header/styles.ts": {"path":"/Users/lumis/Documents/doc/FindMovies/src/components/Header/styles.ts","statementMap":{"0":{"start":{"line":4,"column":25},"end":{"line":10,"column":1}},"1":{"start":{"line":11,"column":28},"end":{"line":16,"column":1}},"2":{"start":{"line":17,"column":24},"end":{"line":21,"column":1}},"3":{"start":{"line":22,"column":24},"end":{"line":26,"column":1}},"4":{"start":{"line":27,"column":30},"end":{"line":31,"column":1}}},"fnMap":{},"branchMap":{},"s":{"0":1,"1":1,"2":1,"3":1,"4":1},"f":{},"b":{},"_coverageSchema":"1a1c01bbd47fc00a2c39e90264f33305004495a9","hash":"ca836ed3003b4c05605a909fc3bf9e4b41280e36"}
,"/Users/lumis/Documents/doc/FindMovies/src/pages/Home/index.tsx": {"path":"/Users/lumis/Documents/doc/FindMovies/src/pages/Home/index.tsx","statementMap":{"0":{"start":{"line":42,"column":13},"end":{"line":181,"column":1}},"1":{"start":{"line":43,"column":33},"end":{"line":43,"column":57}},"2":{"start":{"line":45,"column":30},"end":{"line":45,"column":57}},"3":{"start":{"line":46,"column":44},"end":{"line":46,"column":62}},"4":{"start":{"line":47,"column":30},"end":{"line":47,"column":56}},"5":{"start":{"line":48,"column":46},"end":{"line":48,"column":72}},"6":{"start":{"line":52,"column":21},"end":{"line":54,"column":5}},"7":{"start":{"line":55,"column":4},"end":{"line":55,"column":27}},"8":{"start":{"line":59,"column":21},"end":{"line":61,"column":5}},"9":{"start":{"line":62,"column":4},"end":{"line":62,"column":28}},"10":{"start":{"line":63,"column":4},"end":{"line":63,"column":36}},"11":{"start":{"line":67,"column":2},"end":{"line":70,"column":9}},"12":{"start":{"line":68,"column":4},"end":{"line":68,"column":18}},"13":{"start":{"line":69,"column":4},"end":{"line":69,"column":18}},"14":{"start":{"line":73,"column":4},"end":{"line":82,"column":5}},"15":{"start":{"line":74,"column":6},"end":{"line":74,"column":28}},"16":{"start":{"line":75,"column":6},"end":{"line":75,"column":32}},"17":{"start":{"line":77,"column":23},"end":{"line":79,"column":7}},"18":{"start":{"line":78,"column":8},"end":{"line":78,"column":41}},"19":{"start":{"line":80,"column":6},"end":{"line":80,"column":34}},"20":{"start":{"line":81,"column":6},"end":{"line":81,"column":32}},"21":{"start":{"line":86,"column":4},"end":{"line":86,"column":30}},"22":{"start":{"line":90,"column":48},"end":{"line":90,"column":67}},"23":{"start":{"line":95,"column":26},"end":{"line":95,"column":36}},"24":{"start":{"line":96,"column":4},"end":{"line":100,"column":7}},"25":{"start":{"line":97,"column":6},"end":{"line":99,"column":7}},"26":{"start":{"line":98,"column":8},"end":{"line":98,"column":39}},"27":{"start":{"line":102,"column":4},"end":{"line":102,"column":63}},"28":{"start":{"line":105,"column":2},"end":{"line":180,"column":4}},"29":{"start":{"line":126,"column":36},"end":{"line":126,"column":54}},"30":{"start":{"line":128,"column":14},"end":{"line":133,"column":16}},"31":{"start":{"line":131,"column":31},"end":{"line":131,"column":59}},"32":{"start":{"line":170,"column":14},"end":{"line":174,"column":16}},"33":{"start":{"line":173,"column":31},"end":{"line":173,"column":56}}},"fnMap":{"0":{"name":"(anonymous_0)","decl":{"start":{"line":42,"column":13},"end":{"line":42,"column":14}},"loc":{"start":{"line":42,"column":38},"end":{"line":181,"column":1}},"line":42},"1":{"name":"fetchGenres","decl":{"start":{"line":51,"column":17},"end":{"line":51,"column":28}},"loc":{"start":{"line":51,"column":31},"end":{"line":56,"column":3}},"line":51},"2":{"name":"fetchMovies","decl":{"start":{"line":58,"column":17},"end":{"line":58,"column":28}},"loc":{"start":{"line":58,"column":31},"end":{"line":64,"column":3}},"line":58},"3":{"name":"(anonymous_3)","decl":{"start":{"line":67,"column":12},"end":{"line":67,"column":13}},"loc":{"start":{"line":67,"column":18},"end":{"line":70,"column":3}},"line":67},"4":{"name":"handleGenreSelected","decl":{"start":{"line":72,"column":11},"end":{"line":72,"column":30}},"loc":{"start":{"line":72,"column":48},"end":{"line":83,"column":3}},"line":72},"5":{"name":"(anonymous_5)","decl":{"start":{"line":77,"column":37},"end":{"line":77,"column":38}},"loc":{"start":{"line":78,"column":8},"end":{"line":78,"column":41}},"line":78},"6":{"name":"handleSnapSlide","decl":{"start":{"line":85,"column":11},"end":{"line":85,"column":26}},"loc":{"start":{"line":85,"column":42},"end":{"line":87,"column":3}},"line":85},"7":{"name":"handleMovieSelected","decl":{"start":{"line":94,"column":11},"end":{"line":94,"column":30}},"loc":{"start":{"line":94,"column":50},"end":{"line":103,"column":3}},"line":94},"8":{"name":"(anonymous_8)","decl":{"start":{"line":96,"column":19},"end":{"line":96,"column":20}},"loc":{"start":{"line":96,"column":32},"end":{"line":100,"column":5}},"line":96},"9":{"name":"(anonymous_9)","decl":{"start":{"line":126,"column":26},"end":{"line":126,"column":27}},"loc":{"start":{"line":126,"column":36},"end":{"line":126,"column":54}},"line":126},"10":{"name":"(anonymous_10)","decl":{"start":{"line":127,"column":24},"end":{"line":127,"column":25}},"loc":{"start":{"line":128,"column":14},"end":{"line":133,"column":16}},"line":128},"11":{"name":"(anonymous_11)","decl":{"start":{"line":131,"column":25},"end":{"line":131,"column":26}},"loc":{"start":{"line":131,"column":31},"end":{"line":131,"column":59}},"line":131},"12":{"name":"(anonymous_12)","decl":{"start":{"line":169,"column":24},"end":{"line":169,"column":25}},"loc":{"start":{"line":170,"column":14},"end":{"line":174,"column":16}},"line":170},"13":{"name":"(anonymous_13)","decl":{"start":{"line":173,"column":25},"end":{"line":173,"column":26}},"loc":{"start":{"line":173,"column":31},"end":{"line":173,"column":56}},"line":173}},"branchMap":{"0":{"loc":{"start":{"line":73,"column":4},"end":{"line":82,"column":5}},"type":"if","locations":[{"start":{"line":73,"column":4},"end":{"line":82,"column":5}},{"start":{"line":76,"column":11},"end":{"line":82,"column":5}}],"line":73},"1":{"loc":{"start":{"line":97,"column":6},"end":{"line":99,"column":7}},"type":"if","locations":[{"start":{"line":97,"column":6},"end":{"line":99,"column":7}},{"start":{},"end":{}}],"line":97},"2":{"loc":{"start":{"line":109,"column":10},"end":{"line":111,"column":11}},"type":"binary-expr","locations":[{"start":{"line":109,"column":10},"end":{"line":109,"column":27}},{"start":{"line":109,"column":31},"end":{"line":111,"column":11}}],"line":109}},"s":{"0":1,"1":9,"2":9,"3":9,"4":9,"5":9,"6":2,"7":2,"8":2,"9":2,"10":2,"11":9,"12":2,"13":2,"14":1,"15":0,"16":0,"17":1,"18":20,"19":1,"20":1,"21":0,"22":9,"23":0,"24":0,"25":0,"26":0,"27":0,"28":9,"29":91,"30":70,"31":1,"32":95,"33":0},"f":{"0":9,"1":2,"2":2,"3":2,"4":1,"5":20,"6":0,"7":0,"8":0,"9":91,"10":70,"11":1,"12":95,"13":0},"b":{"0":[0,1],"1":[0,0],"2":[9,3]},"_coverageSchema":"1a1c01bbd47fc00a2c39e90264f33305004495a9","hash":"1d5ba81d3505913557ce38cbdfdc5dd1d194918f"}
,"/Users/lumis/Documents/doc/FindMovies/src/pages/Home/styles.ts": {"path":"/Users/lumis/Documents/doc/FindMovies/src/pages/Home/styles.ts","statementMap":{"0":{"start":{"line":5,"column":25},"end":{"line":8,"column":1}},"1":{"start":{"line":9,"column":31},"end":{"line":12,"column":1}},"2":{"start":{"line":13,"column":26},"end":{"line":19,"column":1}},"3":{"start":{"line":20,"column":25},"end":{"line":24,"column":1}},"4":{"start":{"line":25,"column":35},"end":{"line":28,"column":1}},"5":{"start":{"line":29,"column":33},"end":{"line":33,"column":1}}},"fnMap":{},"branchMap":{},"s":{"0":1,"1":1,"2":1,"3":1,"4":1,"5":1},"f":{},"b":{},"_coverageSchema":"1a1c01bbd47fc00a2c39e90264f33305004495a9","hash":"a38e0112b930267416f9ec9e08211b93960e9ea7"}
,"/Users/lumis/Documents/doc/FindMovies/src/services/api.ts": {"path":"/Users/lumis/Documents/doc/FindMovies/src/services/api.ts","statementMap":{"0":{"start":{"line":3,"column":12},"end":{"line":5,"column":2}}},"fnMap":{},"branchMap":{},"s":{"0":1},"f":{},"b":{},"_coverageSchema":"1a1c01bbd47fc00a2c39e90264f33305004495a9","hash":"6492a6dad1c52a306ec3327f457a8456cb0210a5"}
,"/Users/lumis/Documents/doc/FindMovies/src/store/MoviesWatchLater.store.ts": {"path":"/Users/lumis/Documents/doc/FindMovies/src/store/MoviesWatchLater.store.ts","statementMap":{"0":{"start":{"line":8,"column":44},"end":{"line":10,"column":1}},"1":{"start":{"line":12,"column":30},"end":{"line":26,"column":2}},"2":{"start":{"line":19,"column":12},"end":{"line":22,"column":13}},"3":{"start":{"line":20,"column":16},"end":{"line":20,"column":96}},"4":{"start":{"line":21,"column":16},"end":{"line":21,"column":22}},"5":{"start":{"line":23,"column":12},"end":{"line":23,"column":55}},"6":{"start":{"line":28,"column":35},"end":{"line":28,"column":64}}},"fnMap":{"0":{"name":"(anonymous_0)","decl":{"start":{"line":18,"column":26},"end":{"line":18,"column":27}},"loc":{"start":{"line":18,"column":68},"end":{"line":24,"column":9}},"line":18}},"branchMap":{"0":{"loc":{"start":{"line":19,"column":12},"end":{"line":22,"column":13}},"type":"if","locations":[{"start":{"line":19,"column":12},"end":{"line":22,"column":13}},{"start":{},"end":{}}],"line":19}},"s":{"0":1,"1":1,"2":0,"3":0,"4":0,"5":0,"6":1},"f":{"0":0},"b":{"0":[0,0]},"_coverageSchema":"1a1c01bbd47fc00a2c39e90264f33305004495a9","hash":"158656b52436ceeadbef0c08c11105bd8c3af362"}
,"/Users/lumis/Documents/doc/FindMovies/src/store/index.ts": {"path":"/Users/lumis/Documents/doc/FindMovies/src/store/index.ts","statementMap":{"0":{"start":{"line":6,"column":14},"end":{"line":10,"column":2}}},"fnMap":{},"branchMap":{},"s":{"0":1},"f":{},"b":{},"_coverageSchema":"1a1c01bbd47fc00a2c39e90264f33305004495a9","hash":"c08267cfe5034acca15f949109584d981cdd8b56"}
,"/Users/lumis/Documents/doc/FindMovies/src/styles/colors.ts": {"path":"/Users/lumis/Documents/doc/FindMovies/src/styles/colors.ts","statementMap":{},"fnMap":{},"branchMap":{},"s":{},"f":{},"b":{},"_coverageSchema":"1a1c01bbd47fc00a2c39e90264f33305004495a9","hash":"f2cffee942f00c838f54933b579bc88e01521166"}
,"/Users/lumis/Documents/doc/FindMovies/src/styles/fonts.ts": {"path":"/Users/lumis/Documents/doc/FindMovies/src/styles/fonts.ts","statementMap":{},"fnMap":{},"branchMap":{},"s":{},"f":{},"b":{},"_coverageSchema":"1a1c01bbd47fc00a2c39e90264f33305004495a9","hash":"a508bf480fe9e0250aa48334e5f88615e9e11885"}
,"/Users/lumis/Documents/doc/FindMovies/src/styles/index.ts": {"path":"/Users/lumis/Documents/doc/FindMovies/src/styles/index.ts","statementMap":{},"fnMap":{},"branchMap":{},"s":{},"f":{},"b":{},"_coverageSchema":"1a1c01bbd47fc00a2c39e90264f33305004495a9","hash":"c00973c5312fd6872c574e58edda556f012b23c0"}
}
