TN:
SF:assets/baby-yoda.png
FNF:0
FNH:0
DA:1,1
LF:1
LH:1
BRF:0
BRH:0
end_of_record
TN:
SF:src/__test__/test-utils.js
FN:6,(anonymous_0)
FN:10,(anonymous_1)
FNF:2
FNH:2
FNDA:2,(anonymous_0)
FNDA:2,(anonymous_1)
DA:6,1
DA:7,2
DA:10,1
DA:11,2
LF:4
LH:4
BRF:0
BRH:0
end_of_record
TN:
SF:src/components/CardMovie/index.tsx
FN:23,CardMovie
FN:25,(anonymous_1)
FNF:2
FNH:2
FNDA:53,CardMovie
FNDA:53,(anonymous_1)
DA:24,53
DA:25,53
DA:28,53
DA:32,53
LF:4
LH:4
BRDA:40,0,0,53
BRDA:40,0,1,0
BRF:2
BRH:1
end_of_record
TN:
SF:src/components/CardMovie/styles.ts
FNF:0
FNH:0
DA:7,1
DA:11,1
DA:16,1
DA:24,1
LF:4
LH:4
BRF:0
BRH:0
end_of_record
TN:
SF:src/components/GenreButton/index.tsx
FN:18,GenreButton
FNF:1
FNH:1
FNDA:70,GenreButton
DA:23,70
LF:1
LH:1
BRDA:20,0,0,0
BRF:1
BRH:0
end_of_record
TN:
SF:src/components/GenreButton/styles.ts
FN:14,(anonymous_0)
FNF:1
FNH:1
FNDA:70,(anonymous_0)
DA:11,1
DA:14,70
DA:20,1
LF:3
LH:3
BRDA:14,0,0,1
BRDA:14,0,1,69
BRF:2
BRH:2
end_of_record
TN:
SF:src/components/Header/index.tsx
FN:18,(anonymous_0)
FNF:1
FNH:1
FNDA:9,(anonymous_0)
DA:18,1
DA:19,9
LF:2
LH:2
BRF:0
BRH:0
end_of_record
TN:
SF:src/components/Header/styles.ts
FNF:0
FNH:0
DA:4,1
DA:11,1
DA:17,1
DA:22,1
DA:27,1
LF:5
LH:5
BRF:0
BRH:0
end_of_record
TN:
SF:src/pages/Home/index.tsx
FN:42,(anonymous_0)
FN:51,fetchGenres
FN:58,fetchMovies
FN:67,(anonymous_3)
FN:72,handleGenreSelected
FN:77,(anonymous_5)
FN:85,handleSnapSlide
FN:94,handleMovieSelected
FN:96,(anonymous_8)
FN:126,(anonymous_9)
FN:127,(anonymous_10)
FN:131,(anonymous_11)
FN:169,(anonymous_12)
FN:173,(anonymous_13)
FNF:14
FNH:10
FNDA:9,(anonymous_0)
FNDA:2,fetchGenres
FNDA:2,fetchMovies
FNDA:2,(anonymous_3)
FNDA:1,handleGenreSelected
FNDA:20,(anonymous_5)
FNDA:0,handleSnapSlide
FNDA:0,handleMovieSelected
FNDA:0,(anonymous_8)
FNDA:91,(anonymous_9)
FNDA:70,(anonymous_10)
FNDA:1,(anonymous_11)
FNDA:95,(anonymous_12)
FNDA:0,(anonymous_13)
DA:42,1
DA:43,9
DA:45,9
DA:46,9
DA:47,9
DA:48,9
DA:52,2
DA:55,2
DA:59,2
DA:62,2
DA:63,2
DA:67,9
DA:68,2
DA:69,2
DA:73,1
DA:74,0
DA:75,0
DA:77,1
DA:78,20
DA:80,1
DA:81,1
DA:86,0
DA:90,9
DA:95,0
DA:96,0
DA:97,0
DA:98,0
DA:102,0
DA:105,9
DA:126,91
DA:128,70
DA:131,1
DA:170,95
DA:173,0
LF:34
LH:25
BRDA:73,0,0,0
BRDA:73,0,1,1
BRDA:97,1,0,0
BRDA:97,1,1,0
BRDA:109,2,0,9
BRDA:109,2,1,3
BRF:6
BRH:3
end_of_record
TN:
SF:src/pages/Home/styles.ts
FNF:0
FNH:0
DA:5,1
DA:9,1
DA:13,1
DA:20,1
DA:25,1
DA:29,1
LF:6
LH:6
BRF:0
BRH:0
end_of_record
TN:
SF:src/services/api.ts
FNF:0
FNH:0
DA:3,1
LF:1
LH:1
BRF:0
BRH:0
end_of_record
TN:
SF:src/store/MoviesWatchLater.store.ts
FN:18,(anonymous_0)
FNF:1
FNH:0
FNDA:0,(anonymous_0)
DA:8,1
DA:12,1
DA:19,0
DA:20,0
DA:21,0
DA:23,0
DA:28,1
LF:7
LH:3
BRDA:19,0,0,0
BRDA:19,0,1,0
BRF:2
BRH:0
end_of_record
TN:
SF:src/store/index.ts
FNF:0
FNH:0
DA:6,1
LF:1
LH:1
BRF:0
BRH:0
end_of_record
TN:
SF:src/styles/colors.ts
FNF:0
FNH:0
LF:0
LH:0
BRF:0
BRH:0
end_of_record
TN:
SF:src/styles/fonts.ts
FNF:0
FNH:0
LF:0
LH:0
BRF:0
BRH:0
end_of_record
TN:
SF:src/styles/index.ts
FNF:0
FNH:0
LF:0
LH:0
BRF:0
BRH:0
end_of_record
